[debug] [2025-04-10T22:22:56.186Z] ----------------------------------------------------------------------
[debug] [2025-04-10T22:22:56.188Z] Command:       C:\Program Files\nodejs\node.exe C:\Users\avdp1\AppData\Roaming\npm\node_modules\firebase-tools\lib\bin\firebase.js init
[debug] [2025-04-10T22:22:56.188Z] CLI Version:   14.1.0
[debug] [2025-04-10T22:22:56.188Z] Platform:      win32
[debug] [2025-04-10T22:22:56.188Z] Node Version:  v20.11.1
[debug] [2025-04-10T22:22:56.188Z] Time:          Fri Apr 11 2025 03:52:56 GMT+0530 (India Standard Time)
[debug] [2025-04-10T22:22:56.188Z] ----------------------------------------------------------------------
[debug] 
[debug] [2025-04-10T22:22:56.190Z] >>> [apiv2][query] GET https://firebase-public.firebaseio.com/cli.json [none]
[debug] [2025-04-10T22:22:56.226Z] > command requires scopes: ["email","openid","https://www.googleapis.com/auth/cloudplatformprojects.readonly","https://www.googleapis.com/auth/firebase","https://www.googleapis.com/auth/cloud-platform"]
[debug] [2025-04-10T22:22:56.226Z] > authorizing via signed-in user (avdhootpimparkar14062004@gmail.com)
[info] 
     ######## #### ########  ######## ########     ###     ######  ########
     ##        ##  ##     ## ##       ##     ##  ##   ##  ##       ##
     ######    ##  ########  ######   ########  #########  ######  ######
     ##        ##  ##    ##  ##       ##     ## ##     ##       ## ##
     ##       #### ##     ## ######## ########  ##     ##  ######  ########

You're about to initialize a Firebase project in this directory:

  C:\Users\avdp1\OneDrive\Desktop\Project2\frontend

[debug] [2025-04-10T22:22:56.841Z] <<< [apiv2][status] GET https://firebase-public.firebaseio.com/cli.json 200
[debug] [2025-04-10T22:22:56.842Z] <<< [apiv2][body] GET https://firebase-public.firebaseio.com/cli.json {"cloudBuildErrorAfter":1594252800000,"cloudBuildWarnAfter":1590019200000,"defaultNode10After":1594252800000,"minVersion":"3.0.5","node8DeploysDisabledAfter":1613390400000,"node8RuntimeDisabledAfter":1615809600000,"node8WarnAfter":1600128000000}
